  fxc compile for debug: C:\Users\JS\Documents\GitRepository\DX_Portfolio\FX\Basic.fx
C:\Users\JS\Documents\GitRepository\DX_Portfolio\FX\Basic.fx(436,12): warning X3078: 'i': loop control variable conflicts with a previous declaration in the outer scope; most recent declaration will be used
C:\Users\JS\Documents\GitRepository\DX_Portfolio\FX\Basic.fx(449,12): warning X3078: 'i': loop control variable conflicts with a previous declaration in the outer scope; most recent declaration will be used
C:\Users\JS\Documents\GitRepository\DX_Portfolio\FX\Basic.fx(281,11): warning X3578: Output value 'VS' is not completely initialized
C:\Users\JS\Documents\GitRepository\DX_Portfolio\FX\Basic.fx(281,11): warning X3578: Output value 'VS' is not completely initialized
C:\Users\JS\Documents\GitRepository\DX_Portfolio\FX\Basic.fx(281,11): warning X3578: Output value 'VS' is not completely initialized
C:\Users\JS\Documents\GitRepository\DX_Portfolio\FX\Basic.fx(281,11): warning X3578: Output value 'VS' is not completely initialized
C:\Users\JS\Documents\GitRepository\DX_Portfolio\FX\Basic.fx(281,11): warning X3578: Output value 'VS' is not completely initialized
C:\Users\JS\Documents\GitRepository\DX_Portfolio\FX\Basic.fx(281,11): warning X3578: Output value 'VS' is not completely initialized
C:\Users\JS\Documents\GitRepository\DX_Portfolio\FX\Basic.fx(281,11): warning X3578: Output value 'VS' is not completely initialized
C:\Users\JS\Documents\GitRepository\DX_Portfolio\FX\Basic.fx(306,11): warning X3578: Output value 'InstanceVS' is not completely initialized
C:\Users\JS\Documents\GitRepository\DX_Portfolio\FX\Basic.fx(166,11): warning X3578: Output value 'SkinningVS' is not completely initialized
C:\Users\JS\Documents\GitRepository\DX_Portfolio\FX\Basic.fx(281,11): warning X3578: Output value 'VS' is not completely initialized
C:\Users\JS\Documents\GitRepository\DX_Portfolio\FX\Basic.fx(281,11): warning X3578: Output value 'VS' is not completely initialized
C:\Users\JS\Documents\GitRepository\DX_Portfolio\FX\Basic.fx(281,11): warning X3578: Output value 'VS' is not completely initialized
C:\Users\JS\Documents\GitRepository\DX_Portfolio\FX\Basic.fx(281,11): warning X3578: Output value 'VS' is not completely initialized
C:\Users\JS\Documents\GitRepository\DX_Portfolio\FX\Basic.fx(281,11): warning X3578: Output value 'VS' is not completely initialized
C:\Users\JS\Documents\GitRepository\DX_Portfolio\FX\Basic.fx(281,11): warning X3578: Output value 'VS' is not completely initialized
C:\Users\JS\Documents\GitRepository\DX_Portfolio\FX\Basic.fx(281,11): warning X3578: Output value 'VS' is not completely initialized
C:\Users\JS\Documents\GitRepository\DX_Portfolio\FX\Basic.fx(281,11): warning X3578: Output value 'VS' is not completely initialized
C:\Users\JS\Documents\GitRepository\DX_Portfolio\FX\Basic.fx(281,11): warning X3578: Output value 'VS' is not completely initialized
C:\Users\JS\Documents\GitRepository\DX_Portfolio\FX\Basic.fx(281,11): warning X3578: Output value 'VS' is not completely initialized
C:\Users\JS\Documents\GitRepository\DX_Portfolio\FX\Basic.fx(281,11): warning X3578: Output value 'VS' is not completely initialized
C:\Users\JS\Documents\GitRepository\DX_Portfolio\FX\Basic.fx(281,11): warning X3578: Output value 'VS' is not completely initialized
C:\Users\JS\Documents\GitRepository\DX_Portfolio\FX\Basic.fx(281,11): warning X3578: Output value 'VS' is not completely initialized
C:\Users\JS\Documents\GitRepository\DX_Portfolio\FX\Basic.fx(281,11): warning X3578: Output value 'VS' is not completely initialized
C:\Users\JS\Documents\GitRepository\DX_Portfolio\FX\Basic.fx(281,11): warning X3578: Output value 'VS' is not completely initialized
C:\Users\JS\Documents\GitRepository\DX_Portfolio\FX\Basic.fx(281,11): warning X3578: Output value 'VS' is not completely initialized
C:\Users\JS\Documents\GitRepository\DX_Portfolio\FX\Basic.fx(281,11): warning X3578: Output value 'VS' is not completely initialized
C:\Users\JS\Documents\GitRepository\DX_Portfolio\FX\Basic.fx(281,11): warning X3578: Output value 'VS' is not completely initialized
C:\Users\JS\Documents\GitRepository\DX_Portfolio\FX\Basic.fx(281,11): warning X3578: Output value 'VS' is not completely initialized
C:\Users\JS\Documents\GitRepository\DX_Portfolio\FX\Basic.fx(281,11): warning X3578: Output value 'VS' is not completely initialized
C:\Users\JS\Documents\GitRepository\DX_Portfolio\FX\Basic.fx(281,11): warning X3578: Output value 'VS' is not completely initialized
C:\Users\JS\Documents\GitRepository\DX_Portfolio\FX\Basic.fx(281,11): warning X3578: Output value 'VS' is not completely initialized
C:\Users\JS\Documents\GitRepository\DX_Portfolio\FX\Basic.fx(281,11): warning X3578: Output value 'VS' is not completely initialized
C:\Users\JS\Documents\GitRepository\DX_Portfolio\FX\Basic.fx(281,11): warning X3578: Output value 'VS' is not completely initialized
C:\Users\JS\Documents\GitRepository\DX_Portfolio\FX\Basic.fx(281,11): warning X3578: Output value 'VS' is not completely initialized
C:\Users\JS\Documents\GitRepository\DX_Portfolio\FX\Basic.fx(281,11): warning X3578: Output value 'VS' is not completely initialized
C:\Users\JS\Documents\GitRepository\DX_Portfolio\FX\Basic.fx(281,11): warning X3578: Output value 'VS' is not completely initialized
C:\Users\JS\Documents\GitRepository\DX_Portfolio\FX\Basic.fx(281,11): warning X3578: Output value 'VS' is not completely initialized
C:\Users\JS\Documents\GitRepository\DX_Portfolio\FX\Basic.fx(281,11): warning X3578: Output value 'VS' is not completely initialized
C:\Users\JS\Documents\GitRepository\DX_Portfolio\FX\Basic.fx(281,11): warning X3578: Output value 'VS' is not completely initialized
C:\Users\JS\Documents\GitRepository\DX_Portfolio\FX\Basic.fx(281,11): warning X3578: Output value 'VS' is not completely initialized
C:\Users\JS\Documents\GitRepository\DX_Portfolio\FX\Basic.fx(281,11): warning X3578: Output value 'VS' is not completely initialized
C:\Users\JS\Documents\GitRepository\DX_Portfolio\FX\Basic.fx(281,11): warning X3578: Output value 'VS' is not completely initialized
C:\Users\JS\Documents\GitRepository\DX_Portfolio\FX\Basic.fx(281,11): warning X3578: Output value 'VS' is not completely initialized
C:\Users\JS\Documents\GitRepository\DX_Portfolio\FX\Basic.fx(281,11): warning X3578: Output value 'VS' is not completely initialized
C:\Users\JS\Documents\GitRepository\DX_Portfolio\FX\Basic.fx(281,11): warning X3578: Output value 'VS' is not completely initialized
C:\Users\JS\Documents\GitRepository\DX_Portfolio\FX\Basic.fx(281,11): warning X3578: Output value 'VS' is not completely initialized
  
  Microsoft (R) Direct3D Shader Compiler 9.29.952.3111
  Copyright (C) Microsoft Corporation 2002-2009. All rights reserved.
  
  compilation succeeded; see Basic.cod
  compilation succeeded; see C:\Users\JS\Documents\GitRepository\DX_Portfolio\FX\Basic.fxo
  SkinnedMesh.vcxproj -> C:\Users\JS\Documents\GitRepository\DX_Portfolio\Debug\Portfolio_Test1.exe
