  fxc compile for release: C:\Users\JS\Documents\GitRepository\DX_Portfolio\FX\Basic.fx
  fxc compile for release: C:\Users\JS\Documents\GitRepository\DX_Portfolio\FX\BuildShadowMap.fx
  fxc compile for release: C:\Users\JS\Documents\GitRepository\DX_Portfolio\FX\DebugTexture.fx
  fxc compile for release: C:\Users\JS\Documents\GitRepository\DX_Portfolio\FX\NormalMap.fx
  'fxc'은(는) 내부 또는 외부 명령, 실행할 수 있는 프로그램, 또는
  배치 파일이 아닙니다.
  'fxc'은(는) 내부 또는 외부 명령, 실행할 수 있는 프로그램, 또는
  배치 파일이 아닙니다.
  'fxc'은(는) 내부 또는 외부 명령, 실행할 수 있는 프로그램, 또는
  배치 파일이 아닙니다.
  'fxc'은(는) 내부 또는 외부 명령, 실행할 수 있는 프로그램, 또는
  배치 파일이 아닙니다.
  fxc compile for release: C:\Users\JS\Documents\GitRepository\DX_Portfolio\FX\Sky.fx
  'fxc'은(는) 내부 또는 외부 명령, 실행할 수 있는 프로그램, 또는
  배치 파일이 아닙니다.
  fxc compile for release: C:\Users\JS\Documents\GitRepository\DX_Portfolio\FX\Ssao.fx
  'fxc'은(는) 내부 또는 외부 명령, 실행할 수 있는 프로그램, 또는
  배치 파일이 아닙니다.
  fxc compile for release: C:\Users\JS\Documents\GitRepository\DX_Portfolio\FX\SsaoBlur.fx
  'fxc'은(는) 내부 또는 외부 명령, 실행할 수 있는 프로그램, 또는
  배치 파일이 아닙니다.
  fxc compile for release: C:\Users\JS\Documents\GitRepository\DX_Portfolio\FX\SsaoNormalDepth.fx
  'fxc'은(는) 내부 또는 외부 명령, 실행할 수 있는 프로그램, 또는
  배치 파일이 아닙니다.
C:\Program Files (x86)\MSBuild\Microsoft.Cpp\v4.0\Microsoft.CppCommon.targets(151,5): error MSB6006: "cmd.exe"이(가) 종료되었습니다(코드: 9009).
